<?xml version="1.0" encoding="UTF-8" ?>
<testsuite tests="13" failures="1" name="TestSuite" time="9.661" errors="0" skipped="5">
  <properties>
[...]
</properties>
  <testcase classname="com.stv.design.designtests.MainTest" name="assertWiggleIconIsDisplayed" time="0.048"/>
  <testcase classname="com.stv.factory.factorytests.MainFactoryTest" name="assertFlagIconIsDisplayed" time="0.037"/>
  <testcase classname="com.stv.factory.factorytests.MainFactoryTest" name="assertFlagButtonIsClick" time="0.34"/>
  <testcase classname="com.stv.factory.factorytests.MainFactoryTest" name="assertLanguageListIsDisplayed" time="0.037"/>
  <testcase classname="com.stv.factory.factorytests.MainFactoryTest" name="assertLanguagesListButtonIsClick" time="0.106"/>
  <testcase classname="com.stv.factory.factorytests.MainFactoryTest" name="assertNewLanguageButtonIsClick" time="0.14"/>
  <testcase classname="com.stv.factory.factorytests.MainFactoryTest" name="assertUpdateButtonIsClick" time="3.933"/>
  <testcase classname="com.stv.factory.factorytests.MainFactoryTest" name="assertLoginPageOpened" time="5.02">
    <failure message="no such element: Unable to locate element: {&quot;method&quot;:&quot;xpath&quot;,&quot;selector&quot;:&quot;//button[contains(text(),&apos;Accept All Cookies&apos;)]&quot;}
  (Session info: chrome=95.0.4638.69)
For documentation on this error, please visit: https://www.seleniumhq.org/exceptions/no_such_element.html
Build info: version: &apos;3.141.59&apos;, revision: &apos;e82be7d358&apos;, time: &apos;2018-11-14T08:17:03&apos;
System info: host: &apos;DESKTOP-T2F7TE7&apos;, ip: &apos;192.168.0.103&apos;, os.name: &apos;Windows 10&apos;, os.arch: &apos;amd64&apos;, os.version: &apos;10.0&apos;, java.version: &apos;11.0.9&apos;
Driver info: org.openqa.selenium.chrome.ChromeDriver
Capabilities {acceptInsecureCerts: false, browserName: chrome, browserVersion: 95.0.4638.69, chrome: {chromedriverVersion: 95.0.4638.54 (d31a821ec901f..., userDataDir: C:\Users\82327\AppData\Loca...}, goog:chromeOptions: {debuggerAddress: localhost:50593}, javascriptEnabled: true, networkConnectionEnabled: false, pageLoadStrategy: normal, platform: WINDOWS, platformName: WINDOWS, proxy: Proxy(), setWindowRect: true, strictFileInteractability: false, timeouts: {implicit: 0, pageLoad: 300000, script: 30000}, unhandledPromptBehavior: dismiss and notify, webauthn:extension:credBlob: true, webauthn:extension:largeBlob: true, webauthn:virtualAuthenticators: true}
Session ID: 4f1bc1ddfe51c22dc57b7eedbb5b98a4
*** Element info: {Using=xpath, value=//button[contains(text(),&apos;Accept All Cookies&apos;)]}" type="org.openqa.selenium.NoSuchElementException">org.openqa.selenium.NoSuchElementException: no such element: Unable to locate element: {&quot;method&quot;:&quot;xpath&quot;,&quot;selector&quot;:&quot;//button[contains(text(),&apos;Accept All Cookies&apos;)]&quot;}
  (Session info: chrome=95.0.4638.69)
For documentation on this error, please visit: https://www.seleniumhq.org/exceptions/no_such_element.html
Build info: version: &apos;3.141.59&apos;, revision: &apos;e82be7d358&apos;, time: &apos;2018-11-14T08:17:03&apos;
System info: host: &apos;DESKTOP-T2F7TE7&apos;, ip: &apos;192.168.0.103&apos;, os.name: &apos;Windows 10&apos;, os.arch: &apos;amd64&apos;, os.version: &apos;10.0&apos;, java.version: &apos;11.0.9&apos;
Driver info: org.openqa.selenium.chrome.ChromeDriver
Capabilities {acceptInsecureCerts: false, browserName: chrome, browserVersion: 95.0.4638.69, chrome: {chromedriverVersion: 95.0.4638.54 (d31a821ec901f..., userDataDir: C:\Users\82327\AppData\Loca...}, goog:chromeOptions: {debuggerAddress: localhost:50593}, javascriptEnabled: true, networkConnectionEnabled: false, pageLoadStrategy: normal, platform: WINDOWS, platformName: WINDOWS, proxy: Proxy(), setWindowRect: true, strictFileInteractability: false, timeouts: {implicit: 0, pageLoad: 300000, script: 30000}, unhandledPromptBehavior: dismiss and notify, webauthn:extension:credBlob: true, webauthn:extension:largeBlob: true, webauthn:virtualAuthenticators: true}
Session ID: 4f1bc1ddfe51c22dc57b7eedbb5b98a4
*** Element info: {Using=xpath, value=//button[contains(text(),&apos;Accept All Cookies&apos;)]}
	at java.base/jdk.internal.reflect.NativeConstructorAccessorImpl.newInstance0(Native Method)
	at java.base/jdk.internal.reflect.NativeConstructorAccessorImpl.newInstance(NativeConstructorAccessorImpl.java:62)
	at java.base/jdk.internal.reflect.DelegatingConstructorAccessorImpl.newInstance(DelegatingConstructorAccessorImpl.java:45)
	at java.base/java.lang.reflect.Constructor.newInstance(Constructor.java:490)
	at org.openqa.selenium.remote.http.W3CHttpResponseCodec.createException(W3CHttpResponseCodec.java:187)
	at org.openqa.selenium.remote.http.W3CHttpResponseCodec.decode(W3CHttpResponseCodec.java:122)
	at org.openqa.selenium.remote.http.W3CHttpResponseCodec.decode(W3CHttpResponseCodec.java:49)
	at org.openqa.selenium.remote.HttpCommandExecutor.execute(HttpCommandExecutor.java:158)
	at org.openqa.selenium.remote.service.DriverCommandExecutor.execute(DriverCommandExecutor.java:83)
	at org.openqa.selenium.remote.RemoteWebDriver.execute(RemoteWebDriver.java:552)
	at org.openqa.selenium.remote.RemoteWebDriver.findElement(RemoteWebDriver.java:323)
	at org.openqa.selenium.remote.RemoteWebDriver.findElementByXPath(RemoteWebDriver.java:428)
	at org.openqa.selenium.By$ByXPath.findElement(By.java:353)
	at org.openqa.selenium.remote.RemoteWebDriver.findElement(RemoteWebDriver.java:315)
	at org.openqa.selenium.support.pagefactory.DefaultElementLocator.findElement(DefaultElementLocator.java:69)
	at org.openqa.selenium.support.pagefactory.internal.LocatingElementHandler.invoke(LocatingElementHandler.java:38)
	at com.sun.proxy.$Proxy9.click(Unknown Source)
	at com.stv.factory.factorypages.MainFactoryPage.clickOnTrustButton(MainFactoryPage.java:97)
	at com.stv.factory.factorytests.MainFactoryTest.assertLoginPageOpened(MainFactoryTest.java:57)
</failure>
  </testcase>
  <testcase classname="com.stv.factory.factorytests.MainFactoryTest" name="assertPasswordFieldIsDisplayed" time="0">
    <skipped/>
  </testcase>
  <testcase classname="com.stv.factory.factorytests.MainFactoryTest" name="assertPasswordIsTyped" time="0">
    <skipped/>
  </testcase>
  <testcase classname="com.stv.factory.factorytests.MainFactoryTest" name="assertContinueButtonIsClick" time="0">
    <skipped/>
  </testcase>
  <testcase classname="com.stv.factory.factorytests.MainFactoryTest" name="assertWiggleLogoIsDisplayed" time="0">
    <skipped/>
  </testcase>
  <testcase classname="com.stv.factory.factorytests.MainFactoryTest" name="assertWiggleLinkIsClick" time="0">
    <skipped/>
  </testcase>
</testsuite>